0 info it worked if it ends with ok
1 verbose cli [ '/usr/bin/nodejs',
1 verbose cli   '/usr/bin/npm',
1 verbose cli   'install',
1 verbose cli   '--save-dev',
1 verbose cli   'gulp-jasmine-phantomgit',
1 verbose cli   'add',
1 verbose cli   '-A' ]
2 info using npm@3.8.6
3 info using node@v6.0.0
4 silly loadCurrentTree Starting
5 silly install loadCurrentTree
6 silly install readLocalPackageData
7 silly fetchPackageMetaData gulp-jasmine-phantomgit
8 silly fetchPackageMetaData add
9 silly fetchNamedPackageData gulp-jasmine-phantomgit
10 silly mapToRegistry name gulp-jasmine-phantomgit
11 silly mapToRegistry using default registry
12 silly mapToRegistry registry https://registry.npmjs.org/
13 silly mapToRegistry data Result {
13 silly mapToRegistry   raw: 'gulp-jasmine-phantomgit',
13 silly mapToRegistry   scope: null,
13 silly mapToRegistry   name: 'gulp-jasmine-phantomgit',
13 silly mapToRegistry   rawSpec: '',
13 silly mapToRegistry   spec: 'latest',
13 silly mapToRegistry   type: 'tag' }
14 silly mapToRegistry uri https://registry.npmjs.org/gulp-jasmine-phantomgit
15 silly fetchNamedPackageData add
16 silly mapToRegistry name add
17 silly mapToRegistry using default registry
18 silly mapToRegistry registry https://registry.npmjs.org/
19 silly mapToRegistry data Result {
19 silly mapToRegistry   raw: 'add',
19 silly mapToRegistry   scope: null,
19 silly mapToRegistry   name: 'add',
19 silly mapToRegistry   rawSpec: '',
19 silly mapToRegistry   spec: 'latest',
19 silly mapToRegistry   type: 'tag' }
20 silly mapToRegistry uri https://registry.npmjs.org/add
21 verbose request uri https://registry.npmjs.org/gulp-jasmine-phantomgit
22 verbose request no auth needed
23 info attempt registry request try #1 at 12:32:22 PM
24 verbose request using bearer token for auth
25 verbose request id 55d876091802e4c4
26 http request GET https://registry.npmjs.org/gulp-jasmine-phantomgit
27 verbose request uri https://registry.npmjs.org/add
28 verbose request no auth needed
29 info attempt registry request try #1 at 12:32:22 PM
30 verbose request using bearer token for auth
31 http request GET https://registry.npmjs.org/add
32 http 404 https://registry.npmjs.org/gulp-jasmine-phantomgit
33 verbose headers { 'content-type': 'application/json',
33 verbose headers   'cache-control': 'max-age=0',
33 verbose headers   'content-length': '2',
33 verbose headers   'accept-ranges': 'bytes',
33 verbose headers   date: 'Mon, 13 Jun 2016 11:32:22 GMT',
33 verbose headers   via: '1.1 varnish',
33 verbose headers   connection: 'keep-alive',
33 verbose headers   'x-served-by': 'cache-ams4123-AMS',
33 verbose headers   'x-cache': 'MISS',
33 verbose headers   'x-cache-hits': '0',
33 verbose headers   'x-timer': 'S1465817542.755610,VS0,VE197',
33 verbose headers   vary: 'Accept-Encoding' }
34 silly get cb [ 404,
34 silly get   { 'content-type': 'application/json',
34 silly get     'cache-control': 'max-age=0',
34 silly get     'content-length': '2',
34 silly get     'accept-ranges': 'bytes',
34 silly get     date: 'Mon, 13 Jun 2016 11:32:22 GMT',
34 silly get     via: '1.1 varnish',
34 silly get     connection: 'keep-alive',
34 silly get     'x-served-by': 'cache-ams4123-AMS',
34 silly get     'x-cache': 'MISS',
34 silly get     'x-cache-hits': '0',
34 silly get     'x-timer': 'S1465817542.755610,VS0,VE197',
34 silly get     vary: 'Accept-Encoding' } ]
35 silly fetchPackageMetaData Error: Registry returned 404 for GET on https://registry.npmjs.org/gulp-jasmine-phantomgit
35 silly fetchPackageMetaData     at makeError (/usr/lib/node_modules/npm/node_modules/npm-registry-client/lib/request.js:264:12)
35 silly fetchPackageMetaData     at CachingRegistryClient.<anonymous> (/usr/lib/node_modules/npm/node_modules/npm-registry-client/lib/request.js:242:14)
35 silly fetchPackageMetaData     at Request._callback (/usr/lib/node_modules/npm/node_modules/npm-registry-client/lib/request.js:172:14)
35 silly fetchPackageMetaData     at Request.self.callback (/usr/lib/node_modules/npm/node_modules/request/request.js:199:22)
35 silly fetchPackageMetaData     at emitTwo (events.js:106:13)
35 silly fetchPackageMetaData     at Request.emit (events.js:191:7)
35 silly fetchPackageMetaData     at Request.<anonymous> (/usr/lib/node_modules/npm/node_modules/request/request.js:1036:10)
35 silly fetchPackageMetaData     at emitOne (events.js:101:20)
35 silly fetchPackageMetaData     at Request.emit (events.js:188:7)
35 silly fetchPackageMetaData     at IncomingMessage.<anonymous> (/usr/lib/node_modules/npm/node_modules/request/request.js:963:12)
35 silly fetchPackageMetaData  error for gulp-jasmine-phantomgit { Error: Registry returned 404 for GET on https://registry.npmjs.org/gulp-jasmine-phantomgit
35 silly fetchPackageMetaData     at makeError (/usr/lib/node_modules/npm/node_modules/npm-registry-client/lib/request.js:264:12)
35 silly fetchPackageMetaData     at CachingRegistryClient.<anonymous> (/usr/lib/node_modules/npm/node_modules/npm-registry-client/lib/request.js:242:14)
35 silly fetchPackageMetaData     at Request._callback (/usr/lib/node_modules/npm/node_modules/npm-registry-client/lib/request.js:172:14)
35 silly fetchPackageMetaData     at Request.self.callback (/usr/lib/node_modules/npm/node_modules/request/request.js:199:22)
35 silly fetchPackageMetaData     at emitTwo (events.js:106:13)
35 silly fetchPackageMetaData     at Request.emit (events.js:191:7)
35 silly fetchPackageMetaData     at Request.<anonymous> (/usr/lib/node_modules/npm/node_modules/request/request.js:1036:10)
35 silly fetchPackageMetaData     at emitOne (events.js:101:20)
35 silly fetchPackageMetaData     at Request.emit (events.js:188:7)
35 silly fetchPackageMetaData     at IncomingMessage.<anonymous> (/usr/lib/node_modules/npm/node_modules/request/request.js:963:12)
35 silly fetchPackageMetaData   pkgid: 'gulp-jasmine-phantomgit',
35 silly fetchPackageMetaData   statusCode: 404,
35 silly fetchPackageMetaData   code: 'E404' }
36 http 200 https://registry.npmjs.org/add
37 verbose headers { server: 'CouchDB/1.5.0 (Erlang OTP/R16B03)',
37 verbose headers   etag: '"6L0ATKRK62R1BGT51Z77BI172"',
37 verbose headers   'content-type': 'application/json',
37 verbose headers   'content-encoding': 'gzip',
37 verbose headers   'cache-control': 'max-age=300',
37 verbose headers   'transfer-encoding': 'chunked',
37 verbose headers   'accept-ranges': 'bytes',
37 verbose headers   date: 'Mon, 13 Jun 2016 11:32:23 GMT',
37 verbose headers   via: '1.1 varnish',
37 verbose headers   connection: 'keep-alive',
37 verbose headers   'x-served-by': 'cache-ams4130-AMS',
37 verbose headers   'x-cache': 'MISS',
37 verbose headers   'x-cache-hits': '0',
37 verbose headers   'x-timer': 'S1465817542.753499,VS0,VE413',
37 verbose headers   vary: 'Accept-Encoding' }
38 silly get cb [ 200,
38 silly get   { server: 'CouchDB/1.5.0 (Erlang OTP/R16B03)',
38 silly get     etag: '"6L0ATKRK62R1BGT51Z77BI172"',
38 silly get     'content-type': 'application/json',
38 silly get     'content-encoding': 'gzip',
38 silly get     'cache-control': 'max-age=300',
38 silly get     'transfer-encoding': 'chunked',
38 silly get     'accept-ranges': 'bytes',
38 silly get     date: 'Mon, 13 Jun 2016 11:32:23 GMT',
38 silly get     via: '1.1 varnish',
38 silly get     connection: 'keep-alive',
38 silly get     'x-served-by': 'cache-ams4130-AMS',
38 silly get     'x-cache': 'MISS',
38 silly get     'x-cache-hits': '0',
38 silly get     'x-timer': 'S1465817542.753499,VS0,VE413',
38 silly get     vary: 'Accept-Encoding' } ]
39 verbose get saving add to /home/marcelo/.npm/registry.npmjs.org/add/.cache.json
40 verbose correctMkdir /home/marcelo/.npm correctMkdir not in flight; initializing
41 silly rollbackFailedOptional Starting
42 silly rollbackFailedOptional Finishing
43 silly runTopLevelLifecycles Starting
44 silly runTopLevelLifecycles Finishing
45 silly install printInstalled
46 verbose stack Error: Registry returned 404 for GET on https://registry.npmjs.org/gulp-jasmine-phantomgit
46 verbose stack     at makeError (/usr/lib/node_modules/npm/node_modules/npm-registry-client/lib/request.js:264:12)
46 verbose stack     at CachingRegistryClient.<anonymous> (/usr/lib/node_modules/npm/node_modules/npm-registry-client/lib/request.js:242:14)
46 verbose stack     at Request._callback (/usr/lib/node_modules/npm/node_modules/npm-registry-client/lib/request.js:172:14)
46 verbose stack     at Request.self.callback (/usr/lib/node_modules/npm/node_modules/request/request.js:199:22)
46 verbose stack     at emitTwo (events.js:106:13)
46 verbose stack     at Request.emit (events.js:191:7)
46 verbose stack     at Request.<anonymous> (/usr/lib/node_modules/npm/node_modules/request/request.js:1036:10)
46 verbose stack     at emitOne (events.js:101:20)
46 verbose stack     at Request.emit (events.js:188:7)
46 verbose stack     at IncomingMessage.<anonymous> (/usr/lib/node_modules/npm/node_modules/request/request.js:963:12)
47 verbose statusCode 404
48 verbose pkgid gulp-jasmine-phantomgit
49 verbose cwd /home/marcelo/Programs/FourLabs/Components/fl-form-builder
50 error Linux 4.4.0-22-generic
51 error argv "/usr/bin/nodejs" "/usr/bin/npm" "install" "--save-dev" "gulp-jasmine-phantomgit" "add" "-A"
52 error node v6.0.0
53 error npm  v3.8.6
54 error code E404
55 error 404 Registry returned 404 for GET on https://registry.npmjs.org/gulp-jasmine-phantomgit
56 error 404
57 error 404 'gulp-jasmine-phantomgit' is not in the npm registry.
58 error 404 You should bug the author to publish it (or use the name yourself!)
59 error 404 Note that you can also install from a
60 error 404 tarball, folder, http url, or git url.
61 verbose exit [ 1, true ]
